<?xml version="1.0" encoding="UTF-8"?>
<testng-results skipped="0" failed="0" ignored="0" total="1" passed="1">
  <reporter-output>
  </reporter-output>
  <suite name="Default suite" duration-ms="76291" started-at="2019-03-21T12:31:16Z" finished-at="2019-03-21T12:32:32Z">
    <groups>
    </groups>
    <test name="Default test" duration-ms="76291" started-at="2019-03-21T12:31:16Z" finished-at="2019-03-21T12:32:32Z">
      <class name="test02.Listener">
        <test-method status="PASS" signature="test1()[pri:0, instance:test02.Listener@1060b431]" name="test1" duration-ms="76284" started-at="2019-03-21T12:31:16Z" finished-at="2019-03-21T12:32:32Z">
          <reporter-output>
          </reporter-output>
        </test-method> <!-- test1 -->
      </class> <!-- test02.Listener -->
    </test> <!-- Default test -->
  </suite> <!-- Default suite -->
</testng-results>
